<?xml version="1.0" encoding="UTF-8"?>
<!-- Generated by org.testng.reporters.JUnitReportReporter -->
<testsuite skipped="0" hostname="shubhagg-mac" name="com.openmrs.qa.testcases.LoginPageTest" tests="3" failures="0" timestamp="2022-07-27T09:26:21 IST" time="18.751" errors="0">
  <testcase name="loginPageTitleTest" time="6.439" classname="com.openmrs.qa.testcases.LoginPageTest"/>
  <testcase name="openmrsLogoImageTest" time="5.262" classname="com.openmrs.qa.testcases.LoginPageTest"/>
  <testcase name="loginTest" time="7.050" classname="com.openmrs.qa.testcases.LoginPageTest"/>
</testsuite> <!-- com.openmrs.qa.testcases.LoginPageTest -->
